[2026-01-08T10:25:15.913Z] PDF Exporter: Launching Puppeteer... 
[2026-01-08T10:25:15.920Z] PDF Exporter: Executable Path resolved to C:\Users\user\.cache\puppeteer\chrome\win64-143.0.7499.169\chrome-win64\chrome.exe 
[2026-01-08T10:25:17.235Z] PDF Exporter: Browser launched successfully 
[2026-01-08T10:25:17.364Z] PDF Exporter: Setting page content... 
[2026-01-08T10:25:17.395Z] PDF Exporter: Page content set 
[2026-01-08T10:25:17.397Z] PDF Exporter: Generating PDF buffer... 
[2026-01-08T10:25:18.890Z] PDF Exporter: PDF buffer generated. Size: 257284 
[2026-01-08T10:25:19.173Z] PDF Exporter: Browser closed 
[2026-01-08T10:29:45.806Z] PDF Exporter: Launching Puppeteer... 
[2026-01-08T10:29:45.810Z] PDF Exporter: Executable Path resolved to C:\Users\user\.cache\puppeteer\chrome\win64-143.0.7499.169\chrome-win64\chrome.exe 
[2026-01-08T10:29:47.144Z] PDF Exporter: Browser launched successfully 
[2026-01-08T10:29:47.239Z] PDF Exporter: Setting page content... 
[2026-01-08T10:29:47.253Z] PDF Exporter: Page content set 
[2026-01-08T10:29:47.255Z] PDF Exporter: Generating PDF buffer... 
[2026-01-08T10:29:48.359Z] PDF Exporter: PDF buffer generated. Size: 257284 
[2026-01-08T10:29:48.731Z] PDF Exporter: Browser closed 
[2026-01-08T10:31:37.919Z] PDF Exporter: Launching Puppeteer... 
[2026-01-08T10:31:37.931Z] PDF Exporter: Executable Path resolved to C:\Users\user\.cache\puppeteer\chrome\win64-143.0.7499.169\chrome-win64\chrome.exe 
[2026-01-08T10:31:38.798Z] PDF Exporter: Browser launched successfully 
[2026-01-08T10:31:38.908Z] PDF Exporter: Setting page content... 
[2026-01-08T10:31:38.928Z] PDF Exporter: Page content set 
[2026-01-08T10:31:38.931Z] PDF Exporter: Generating PDF buffer... 
[2026-01-08T10:31:40.460Z] PDF Exporter: PDF buffer generated. Size: 257284 
[2026-01-08T10:31:40.757Z] PDF Exporter: Browser closed 
[2026-01-08T10:36:51.313Z] PDF Exporter: Launching Puppeteer... 
[2026-01-08T10:36:51.317Z] PDF Exporter: Executable Path resolved to C:\Users\user\.cache\puppeteer\chrome\win64-143.0.7499.169\chrome-win64\chrome.exe 
[2026-01-08T10:36:52.868Z] PDF Exporter: Browser launched successfully 
[2026-01-08T10:36:52.990Z] PDF Exporter: Setting page content... 
[2026-01-08T10:36:53.016Z] PDF Exporter: Page content set 
[2026-01-08T10:36:53.018Z] PDF Exporter: Generating PDF buffer... 
[2026-01-08T10:36:54.293Z] PDF Exporter: PDF buffer generated. Size: 257284 
[2026-01-08T10:36:54.554Z] PDF Exporter: Browser closed 
[2026-01-08T10:47:02.041Z] PDF Exporter: Launching Puppeteer... 
[2026-01-08T10:47:02.053Z] PDF Exporter: Executable Path resolved to C:\Users\user\.cache\puppeteer\chrome\win64-143.0.7499.169\chrome-win64\chrome.exe 
[2026-01-08T10:47:02.936Z] PDF Exporter: Browser launched successfully 
[2026-01-08T10:47:03.054Z] PDF Exporter: Setting page content... 
[2026-01-08T10:47:03.079Z] PDF Exporter: Page content set 
[2026-01-08T10:47:03.082Z] PDF Exporter: Generating PDF buffer... 
[2026-01-08T10:47:04.165Z] PDF Exporter: PDF buffer generated. Size: 257284 
[2026-01-08T10:47:04.464Z] PDF Exporter: Browser closed 
[2026-01-08T10:47:24.158Z] PDF Exporter: Launching Puppeteer... 
[2026-01-08T10:47:24.164Z] PDF Exporter: Executable Path resolved to C:\Users\user\.cache\puppeteer\chrome\win64-143.0.7499.169\chrome-win64\chrome.exe 
[2026-01-08T10:47:25.001Z] PDF Exporter: Browser launched successfully 
[2026-01-08T10:47:25.091Z] PDF Exporter: Setting page content... 
[2026-01-08T10:47:25.109Z] PDF Exporter: Page content set 
[2026-01-08T10:47:25.112Z] PDF Exporter: Generating PDF buffer... 
[2026-01-08T10:47:26.204Z] PDF Exporter: PDF buffer generated. Size: 257284 
[2026-01-08T10:47:26.486Z] PDF Exporter: Browser closed 
[2026-01-08T10:47:28.836Z] PDF Exporter: Launching Puppeteer... 
[2026-01-08T10:47:28.838Z] PDF Exporter: Executable Path resolved to C:\Users\user\.cache\puppeteer\chrome\win64-143.0.7499.169\chrome-win64\chrome.exe 
[2026-01-08T10:47:29.521Z] PDF Exporter: Browser launched successfully 
[2026-01-08T10:47:29.630Z] PDF Exporter: Setting page content... 
[2026-01-08T10:47:29.643Z] PDF Exporter: Page content set 
[2026-01-08T10:47:29.645Z] PDF Exporter: Generating PDF buffer... 
[2026-01-08T10:47:30.832Z] PDF Exporter: PDF buffer generated. Size: 257284 
[2026-01-08T10:47:31.112Z] PDF Exporter: Browser closed 
[2026-01-08T10:49:36.255Z] PDF Exporter: Launching Puppeteer... 
[2026-01-08T10:49:36.257Z] PDF Exporter: Executable Path resolved to C:\Users\user\.cache\puppeteer\chrome\win64-143.0.7499.169\chrome-win64\chrome.exe 
[2026-01-08T10:49:37.022Z] PDF Exporter: Browser launched successfully 
[2026-01-08T10:49:37.121Z] PDF Exporter: Setting page content... 
[2026-01-08T10:49:37.137Z] PDF Exporter: Page content set 
[2026-01-08T10:49:37.139Z] PDF Exporter: Generating PDF buffer... 
[2026-01-08T10:49:38.242Z] PDF Exporter: PDF buffer generated. Size: 257284 
[2026-01-08T10:49:38.483Z] PDF Exporter: Browser closed 
[2026-01-08T10:51:47.196Z] PDF Exporter: Launching Puppeteer... 
[2026-01-08T10:51:47.200Z] PDF Exporter: Executable Path resolved to C:\Users\user\.cache\puppeteer\chrome\win64-143.0.7499.169\chrome-win64\chrome.exe 
[2026-01-08T10:51:48.254Z] PDF Exporter: Browser launched successfully 
[2026-01-08T10:51:48.412Z] PDF Exporter: Setting page content... 
[2026-01-08T10:51:48.427Z] PDF Exporter: Page content set 
[2026-01-08T10:51:48.431Z] PDF Exporter: Generating PDF buffer... 
[2026-01-08T10:51:49.540Z] PDF Exporter: PDF buffer generated. Size: 257284 
[2026-01-08T10:51:49.836Z] PDF Exporter: Browser closed 
[2026-01-08T10:54:01.326Z] PDF Exporter: Launching Puppeteer... 
[2026-01-08T10:54:01.328Z] PDF Exporter: Executable Path resolved to C:\Users\user\.cache\puppeteer\chrome\win64-143.0.7499.169\chrome-win64\chrome.exe 
[2026-01-08T10:54:02.230Z] PDF Exporter: Browser launched successfully 
[2026-01-08T10:54:02.326Z] PDF Exporter: Setting page content... 
[2026-01-08T10:54:02.344Z] PDF Exporter: Page content set 
[2026-01-08T10:54:02.348Z] PDF Exporter: Generating PDF buffer... 
[2026-01-08T10:54:03.879Z] PDF Exporter: PDF buffer generated. Size: 257284 
[2026-01-08T10:54:04.149Z] PDF Exporter: Browser closed 
[2026-01-08T11:23:56.572Z] PDF Exporter: Launching Puppeteer... 
[2026-01-08T11:23:56.577Z] PDF Exporter: Executable Path resolved to C:\Users\user\.cache\puppeteer\chrome\win64-143.0.7499.169\chrome-win64\chrome.exe 
[2026-01-08T11:23:57.951Z] PDF Exporter: Browser launched successfully 
[2026-01-08T11:23:58.063Z] PDF Exporter: Setting page content... 
[2026-01-08T11:23:58.099Z] PDF Exporter: Page content set 
[2026-01-08T11:23:58.102Z] PDF Exporter: Generating PDF buffer... 
[2026-01-08T11:23:59.614Z] PDF Exporter: PDF buffer generated. Size: 256290 
[2026-01-08T11:23:59.894Z] PDF Exporter: Browser closed 
[2026-01-08T11:45:27.483Z] PDF Exporter: Launching Puppeteer... 
[2026-01-08T11:45:27.487Z] PDF Exporter: Executable Path resolved to C:\Users\user\.cache\puppeteer\chrome\win64-143.0.7499.169\chrome-win64\chrome.exe 
[2026-01-08T11:45:30.205Z] PDF Exporter: Browser launched successfully 
[2026-01-08T11:45:30.351Z] PDF Exporter: Setting page content... 
[2026-01-08T11:45:30.373Z] PDF Exporter: Page content set 
[2026-01-08T11:45:30.376Z] PDF Exporter: Generating PDF buffer... 
[2026-01-08T11:45:31.746Z] PDF Exporter: PDF buffer generated. Size: 267218 
[2026-01-08T11:45:32.069Z] PDF Exporter: Browser closed 
[2026-01-08T12:26:49.029Z] PDF Exporter: Launching Puppeteer... 
[2026-01-08T12:26:49.035Z] PDF Exporter: Executable Path resolved to C:\Users\user\.cache\puppeteer\chrome\win64-143.0.7499.169\chrome-win64\chrome.exe 
[2026-01-08T12:26:50.824Z] PDF Exporter: Browser launched successfully 
[2026-01-08T12:26:50.950Z] PDF Exporter: Setting page content... 
[2026-01-08T12:26:50.979Z] PDF Exporter: Page content set 
[2026-01-08T12:26:50.982Z] PDF Exporter: Generating PDF buffer... 
[2026-01-08T12:26:52.277Z] PDF Exporter: PDF buffer generated. Size: 301779 
[2026-01-08T12:26:52.576Z] PDF Exporter: Browser closed 
[2026-01-08T12:31:24.453Z] PDF Exporter: Launching Puppeteer... 
[2026-01-08T12:31:24.458Z] PDF Exporter: Executable Path resolved to C:\Users\user\.cache\puppeteer\chrome\win64-143.0.7499.169\chrome-win64\chrome.exe 
[2026-01-08T12:31:25.326Z] PDF Exporter: Browser launched successfully 
[2026-01-08T12:31:25.424Z] PDF Exporter: Setting page content... 
[2026-01-08T12:31:25.566Z] PDF Exporter: Page content set 
[2026-01-08T12:31:25.570Z] PDF Exporter: Generating PDF buffer... 
[2026-01-08T12:31:26.864Z] PDF Exporter: PDF buffer generated. Size: 709900 
[2026-01-08T12:31:27.185Z] PDF Exporter: Browser closed 
[2026-01-08T12:35:25.165Z] PDF Exporter: Launching Puppeteer... 
[2026-01-08T12:35:25.169Z] PDF Exporter: Executable Path resolved to C:\Users\user\.cache\puppeteer\chrome\win64-143.0.7499.169\chrome-win64\chrome.exe 
[2026-01-08T12:35:28.135Z] PDF Exporter: Browser launched successfully 
[2026-01-08T12:35:28.302Z] PDF Exporter: Setting page content... 
[2026-01-08T12:35:28.529Z] PDF Exporter: Page content set 
[2026-01-08T12:35:28.534Z] PDF Exporter: Generating PDF buffer... 
[2026-01-08T12:35:30.254Z] PDF Exporter: PDF buffer generated. Size: 709900 
[2026-01-08T12:35:30.600Z] PDF Exporter: Browser closed 
[2026-01-08T12:40:48.821Z] PDF Exporter: Launching Puppeteer... 
[2026-01-08T12:40:48.823Z] PDF Exporter: Executable Path resolved to C:\Users\user\.cache\puppeteer\chrome\win64-143.0.7499.169\chrome-win64\chrome.exe 
[2026-01-08T12:40:49.679Z] PDF Exporter: Browser launched successfully 
[2026-01-08T12:40:49.771Z] PDF Exporter: Setting page content... 
[2026-01-08T12:40:49.901Z] PDF Exporter: Page content set 
[2026-01-08T12:40:49.904Z] PDF Exporter: Generating PDF buffer... 
[2026-01-08T12:40:51.255Z] PDF Exporter: PDF buffer generated. Size: 709903 
[2026-01-08T12:40:51.563Z] PDF Exporter: Browser closed 
[2026-01-08T12:53:19.505Z] PDF Exporter: Launching Puppeteer... 
[2026-01-08T12:53:19.510Z] PDF Exporter: Executable Path resolved to C:\Users\user\.cache\puppeteer\chrome\win64-143.0.7499.169\chrome-win64\chrome.exe 
[2026-01-08T12:53:20.810Z] PDF Exporter: Browser launched successfully 
[2026-01-08T12:53:20.965Z] PDF Exporter: Setting page content... 
[2026-01-08T12:53:21.095Z] PDF Exporter: Page content set 
[2026-01-08T12:53:21.099Z] PDF Exporter: Generating PDF buffer... 
[2026-01-08T12:53:22.627Z] PDF Exporter: PDF buffer generated. Size: 726695 
[2026-01-08T12:53:22.955Z] PDF Exporter: Browser closed 
